mode: set
github.com/made-purple/clog/internal/changelog/changelog.go:22.44,24.16 2 1
github.com/made-purple/clog/internal/changelog/changelog.go:24.16,26.3 1 1
github.com/made-purple/clog/internal/changelog/changelog.go:28.2,29.35 2 1
github.com/made-purple/clog/internal/changelog/changelog.go:33.46,39.22 4 1
github.com/made-purple/clog/internal/changelog/changelog.go:39.22,42.3 2 1
github.com/made-purple/clog/internal/changelog/changelog.go:42.8,45.3 2 1
github.com/made-purple/clog/internal/changelog/changelog.go:48.2,50.29 3 1
github.com/made-purple/clog/internal/changelog/changelog.go:50.29,51.38 1 1
github.com/made-purple/clog/internal/changelog/changelog.go:51.38,53.9 2 1
github.com/made-purple/clog/internal/changelog/changelog.go:57.2,57.28 1 1
github.com/made-purple/clog/internal/changelog/changelog.go:57.28,61.3 2 1
github.com/made-purple/clog/internal/changelog/changelog.go:61.8,64.3 2 1
github.com/made-purple/clog/internal/changelog/changelog.go:66.2,66.11 1 1
github.com/made-purple/clog/internal/changelog/changelog.go:71.40,73.22 2 1
github.com/made-purple/clog/internal/changelog/changelog.go:73.22,75.3 1 1
github.com/made-purple/clog/internal/changelog/changelog.go:76.2,76.19 1 1
github.com/made-purple/clog/internal/changelog/changelog.go:80.52,88.22 6 1
github.com/made-purple/clog/internal/changelog/changelog.go:88.22,93.3 4 1
github.com/made-purple/clog/internal/changelog/changelog.go:95.2,95.21 1 1
github.com/made-purple/clog/internal/changelog/changelog.go:95.21,98.3 2 1
github.com/made-purple/clog/internal/changelog/changelog.go:100.2,100.19 1 1
github.com/made-purple/clog/internal/changelog/staging.go:15.42,17.53 2 1
github.com/made-purple/clog/internal/changelog/staging.go:17.53,19.3 1 1
github.com/made-purple/clog/internal/changelog/staging.go:20.2,20.10 1 1
github.com/made-purple/clog/internal/changelog/staging.go:25.65,26.22 1 1
github.com/made-purple/clog/internal/changelog/staging.go:26.22,28.3 1 1
github.com/made-purple/clog/internal/changelog/staging.go:30.2,32.29 3 1
github.com/made-purple/clog/internal/changelog/staging.go:32.29,33.38 1 1
github.com/made-purple/clog/internal/changelog/staging.go:33.38,35.9 2 1
github.com/made-purple/clog/internal/changelog/staging.go:38.2,38.20 1 1
github.com/made-purple/clog/internal/changelog/staging.go:38.20,40.3 1 1
github.com/made-purple/clog/internal/changelog/staging.go:42.2,43.45 2 1
github.com/made-purple/clog/internal/changelog/staging.go:43.45,44.42 1 1
github.com/made-purple/clog/internal/changelog/staging.go:44.42,46.9 2 1
github.com/made-purple/clog/internal/changelog/staging.go:50.2,54.41 4 1
github.com/made-purple/clog/internal/changelog/staging.go:54.41,56.61 2 1
github.com/made-purple/clog/internal/changelog/staging.go:56.61,59.11 3 1
github.com/made-purple/clog/internal/changelog/staging.go:59.11,61.5 1 1
github.com/made-purple/clog/internal/changelog/staging.go:62.4,63.12 2 1
github.com/made-purple/clog/internal/changelog/staging.go:65.3,65.56 1 1
github.com/made-purple/clog/internal/changelog/staging.go:65.56,67.38 2 1
github.com/made-purple/clog/internal/changelog/staging.go:67.38,69.5 1 1
github.com/made-purple/clog/internal/changelog/staging.go:73.2,73.22 1 1
github.com/made-purple/clog/internal/changelog/staging.go:73.22,75.3 1 1
github.com/made-purple/clog/internal/changelog/staging.go:77.2,77.20 1 1
github.com/made-purple/clog/internal/changelog/staging.go:84.79,85.44 1 1
github.com/made-purple/clog/internal/changelog/staging.go:85.44,87.3 1 1
github.com/made-purple/clog/internal/changelog/staging.go:89.2,91.29 3 1
github.com/made-purple/clog/internal/changelog/staging.go:91.29,92.38 1 1
github.com/made-purple/clog/internal/changelog/staging.go:92.38,94.9 2 1
github.com/made-purple/clog/internal/changelog/staging.go:97.2,97.20 1 1
github.com/made-purple/clog/internal/changelog/staging.go:97.20,99.3 1 0
github.com/made-purple/clog/internal/changelog/staging.go:101.2,102.45 2 1
github.com/made-purple/clog/internal/changelog/staging.go:102.45,103.42 1 1
github.com/made-purple/clog/internal/changelog/staging.go:103.42,105.9 2 1
github.com/made-purple/clog/internal/changelog/staging.go:109.2,111.37 3 1
github.com/made-purple/clog/internal/changelog/staging.go:111.37,113.29 2 1
github.com/made-purple/clog/internal/changelog/staging.go:113.29,115.4 1 1
github.com/made-purple/clog/internal/changelog/staging.go:116.3,116.22 1 1
github.com/made-purple/clog/internal/changelog/staging.go:121.2,124.41 4 1
github.com/made-purple/clog/internal/changelog/staging.go:124.41,126.61 2 1
github.com/made-purple/clog/internal/changelog/staging.go:126.61,128.36 2 1
github.com/made-purple/clog/internal/changelog/staging.go:128.36,130.5 1 1
github.com/made-purple/clog/internal/changelog/staging.go:131.4,131.12 1 1
github.com/made-purple/clog/internal/changelog/staging.go:133.3,133.49 1 1
github.com/made-purple/clog/internal/changelog/staging.go:133.49,135.56 2 1
github.com/made-purple/clog/internal/changelog/staging.go:135.56,136.13 1 1
github.com/made-purple/clog/internal/changelog/staging.go:138.4,139.20 2 1
github.com/made-purple/clog/internal/changelog/staging.go:143.2,143.25 1 1
github.com/made-purple/clog/internal/changelog/staging.go:143.25,146.3 1 1
github.com/made-purple/clog/internal/changelog/staging.go:151.2,156.41 6 1
github.com/made-purple/clog/internal/changelog/staging.go:156.41,158.61 2 1
github.com/made-purple/clog/internal/changelog/staging.go:158.61,160.27 2 1
github.com/made-purple/clog/internal/changelog/staging.go:160.27,162.13 2 1
github.com/made-purple/clog/internal/changelog/staging.go:164.4,166.12 3 1
github.com/made-purple/clog/internal/changelog/staging.go:168.3,168.15 1 1
github.com/made-purple/clog/internal/changelog/staging.go:168.15,170.12 1 1
github.com/made-purple/clog/internal/changelog/staging.go:172.3,172.49 1 1
github.com/made-purple/clog/internal/changelog/staging.go:172.49,174.56 2 1
github.com/made-purple/clog/internal/changelog/staging.go:174.56,175.13 1 1
github.com/made-purple/clog/internal/changelog/staging.go:178.3,178.26 1 1
github.com/made-purple/clog/internal/changelog/staging.go:180.2,183.22 3 1
github.com/made-purple/clog/internal/changelog/staging.go:183.22,185.3 1 1
github.com/made-purple/clog/internal/changelog/staging.go:186.2,186.55 1 1
github.com/made-purple/clog/internal/changelog/staging.go:191.42,192.22 1 1
github.com/made-purple/clog/internal/changelog/staging.go:192.22,194.3 1 0
github.com/made-purple/clog/internal/changelog/staging.go:196.2,198.29 3 1
github.com/made-purple/clog/internal/changelog/staging.go:198.29,199.38 1 1
github.com/made-purple/clog/internal/changelog/staging.go:199.38,201.9 2 1
github.com/made-purple/clog/internal/changelog/staging.go:204.2,204.20 1 1
github.com/made-purple/clog/internal/changelog/staging.go:204.20,206.3 1 1
github.com/made-purple/clog/internal/changelog/staging.go:208.2,209.45 2 1
github.com/made-purple/clog/internal/changelog/staging.go:209.45,210.42 1 1
github.com/made-purple/clog/internal/changelog/staging.go:210.42,212.9 2 1
github.com/made-purple/clog/internal/changelog/staging.go:216.2,221.22 5 1
github.com/made-purple/clog/internal/changelog/staging.go:221.22,223.3 1 1
github.com/made-purple/clog/internal/changelog/staging.go:225.2,225.55 1 1
github.com/made-purple/clog/internal/changelog/staging.go:228.58,235.19 5 1
github.com/made-purple/clog/internal/changelog/staging.go:235.19,240.3 4 1
github.com/made-purple/clog/internal/changelog/staging.go:242.2,242.18 1 1
github.com/made-purple/clog/internal/changelog/staging.go:242.18,245.3 2 1
github.com/made-purple/clog/internal/changelog/staging.go:247.2,247.19 1 1
github.com/made-purple/clog/internal/merge/merge.go:12.64,14.30 2 1
github.com/made-purple/clog/internal/merge/merge.go:14.30,16.38 2 1
github.com/made-purple/clog/internal/merge/merge.go:16.38,18.4 1 1
github.com/made-purple/clog/internal/merge/merge.go:20.2,20.15 1 1
github.com/made-purple/clog/internal/merge/merge.go:25.80,30.20 3 1
github.com/made-purple/clog/internal/merge/merge.go:30.20,33.3 2 1
github.com/made-purple/clog/internal/merge/merge.go:34.2,37.45 2 1
github.com/made-purple/clog/internal/merge/merge.go:37.45,39.31 2 1
github.com/made-purple/clog/internal/merge/merge.go:39.31,40.12 1 1
github.com/made-purple/clog/internal/merge/merge.go:42.3,43.33 2 1
github.com/made-purple/clog/internal/merge/merge.go:43.33,45.4 1 1
github.com/made-purple/clog/internal/merge/merge.go:48.2,48.19 1 1
github.com/made-purple/clog/internal/skill/skill.go:55.48,57.16 2 1
github.com/made-purple/clog/internal/skill/skill.go:57.16,59.3 1 0
github.com/made-purple/clog/internal/skill/skill.go:60.2,60.40 1 1
github.com/made-purple/clog/internal/skill/skill.go:65.32,67.16 2 1
github.com/made-purple/clog/internal/skill/skill.go:67.16,69.3 1 0
github.com/made-purple/clog/internal/skill/skill.go:70.2,71.35 2 1
github.com/made-purple/clog/internal/skill/skill.go:76.56,77.15 1 1
github.com/made-purple/clog/internal/skill/skill.go:78.14,80.17 2 1
github.com/made-purple/clog/internal/skill/skill.go:80.17,82.4 1 0
github.com/made-purple/clog/internal/skill/skill.go:83.3,83.61 1 1
github.com/made-purple/clog/internal/skill/skill.go:84.15,85.63 1 1
github.com/made-purple/clog/internal/skill/skill.go:86.10,87.41 1 1
github.com/made-purple/clog/internal/skill/skill.go:100.53,102.16 2 1
github.com/made-purple/clog/internal/skill/skill.go:102.16,104.3 1 1
github.com/made-purple/clog/internal/skill/skill.go:105.2,105.86 1 1
github.com/made-purple/clog/internal/skill/skill.go:105.86,107.3 1 1
github.com/made-purple/clog/internal/skill/skill.go:108.2,108.62 1 1
github.com/made-purple/clog/internal/skill/skill.go:108.62,110.3 1 0
github.com/made-purple/clog/internal/skill/skill.go:111.2,111.58 1 1
github.com/made-purple/clog/internal/skill/skill.go:111.58,113.3 1 0
github.com/made-purple/clog/internal/skill/skill.go:114.2,114.47 1 1
github.com/made-purple/clog/internal/skill/skill.go:118.44,120.16 2 1
github.com/made-purple/clog/internal/skill/skill.go:120.16,122.3 1 1
github.com/made-purple/clog/internal/skill/skill.go:123.2,124.19 2 1
github.com/made-purple/clog/internal/skill/skill.go:141.76,143.16 2 1
github.com/made-purple/clog/internal/skill/skill.go:143.16,145.3 1 1
github.com/made-purple/clog/internal/skill/skill.go:146.2,147.16 2 1
github.com/made-purple/clog/internal/skill/skill.go:147.16,148.25 1 1
github.com/made-purple/clog/internal/skill/skill.go:148.25,150.4 1 1
github.com/made-purple/clog/internal/skill/skill.go:151.3,151.68 1 0
github.com/made-purple/clog/internal/skill/skill.go:153.2,154.26 2 1
github.com/made-purple/clog/internal/skill/skill.go:154.26,156.3 1 1
github.com/made-purple/clog/internal/skill/skill.go:157.2,157.40 1 1
github.com/made-purple/clog/internal/skill/skill.go:157.40,159.3 1 0
github.com/made-purple/clog/internal/skill/skill.go:162.2,163.95 2 1
github.com/made-purple/clog/internal/skill/skill.go:167.43,168.27 1 1
github.com/made-purple/clog/internal/skill/skill.go:168.27,169.19 1 1
github.com/made-purple/clog/internal/skill/skill.go:169.19,171.4 1 1
github.com/made-purple/clog/internal/skill/skill.go:173.2,173.23 1 1
github.com/made-purple/clog/internal/color/color.go:22.24,23.33 1 1
github.com/made-purple/clog/internal/color/color.go:23.33,25.3 1 1
github.com/made-purple/clog/internal/color/color.go:26.2,27.16 2 1
github.com/made-purple/clog/internal/color/color.go:27.16,29.3 1 0
github.com/made-purple/clog/internal/color/color.go:30.2,30.43 1 1
github.com/made-purple/clog/internal/color/color.go:33.34,34.14 1 1
github.com/made-purple/clog/internal/color/color.go:34.14,36.3 1 1
github.com/made-purple/clog/internal/color/color.go:37.2,37.25 1 1
github.com/made-purple/clog/internal/color/color.go:41.28,41.52 1 1
github.com/made-purple/clog/internal/color/color.go:44.27,44.50 1 1
github.com/made-purple/clog/internal/color/color.go:47.27,47.50 1 1
github.com/made-purple/clog/internal/color/color.go:50.29,50.54 1 1
github.com/made-purple/clog/internal/color/color.go:53.30,53.56 1 1
github.com/made-purple/clog/internal/color/color.go:56.28,56.52 1 1
github.com/made-purple/clog/internal/color/color.go:59.33,59.63 1 1
github.com/made-purple/clog/internal/color/color.go:62.42,64.13 2 1
github.com/made-purple/clog/internal/color/color.go:64.13,66.3 1 1
github.com/made-purple/clog/internal/color/color.go:66.8,68.3 1 1
github.com/made-purple/clog/internal/color/color.go:72.39,74.13 2 1
github.com/made-purple/clog/internal/color/color.go:74.13,76.3 1 1
github.com/made-purple/clog/internal/color/color.go:76.8,78.3 1 1
github.com/made-purple/clog/internal/color/color.go:82.23,83.13 1 1
github.com/made-purple/clog/internal/color/color.go:83.13,85.3 1 1
github.com/made-purple/clog/internal/color/color.go:85.8,87.3 1 1
github.com/made-purple/clog/internal/fragment/fragment.go:37.48,39.34 2 1
github.com/made-purple/clog/internal/fragment/fragment.go:39.34,41.3 1 1
github.com/made-purple/clog/internal/fragment/fragment.go:42.2,42.10 1 1
github.com/made-purple/clog/internal/fragment/fragment.go:57.24,59.36 2 1
github.com/made-purple/clog/internal/fragment/fragment.go:59.36,62.3 2 1
github.com/made-purple/clog/internal/fragment/fragment.go:63.2,63.27 1 1
github.com/made-purple/clog/internal/fragment/fragment.go:67.61,69.51 2 1
github.com/made-purple/clog/internal/fragment/fragment.go:69.51,71.3 1 1
github.com/made-purple/clog/internal/fragment/fragment.go:73.2,74.24 2 1
github.com/made-purple/clog/internal/fragment/fragment.go:74.24,76.3 1 1
github.com/made-purple/clog/internal/fragment/fragment.go:78.2,81.8 1 1
github.com/made-purple/clog/internal/fragment/fragment.go:86.36,88.27 2 1
github.com/made-purple/clog/internal/fragment/fragment.go:88.27,89.28 1 1
github.com/made-purple/clog/internal/fragment/fragment.go:89.28,91.4 1 1
github.com/made-purple/clog/internal/fragment/fragment.go:93.2,93.13 1 1
github.com/made-purple/clog/internal/fragment/fragment.go:98.55,100.38 2 1
github.com/made-purple/clog/internal/fragment/fragment.go:100.38,102.29 2 1
github.com/made-purple/clog/internal/fragment/fragment.go:102.29,103.34 1 1
github.com/made-purple/clog/internal/fragment/fragment.go:103.34,105.5 1 1
github.com/made-purple/clog/internal/fragment/fragment.go:107.3,107.24 1 1
github.com/made-purple/clog/internal/fragment/fragment.go:107.24,109.4 1 1
github.com/made-purple/clog/internal/fragment/fragment.go:111.2,111.15 1 1
github.com/made-purple/clog/internal/fragment/fragment.go:116.49,118.16 2 1
github.com/made-purple/clog/internal/fragment/fragment.go:118.16,120.3 1 1
github.com/made-purple/clog/internal/fragment/fragment.go:122.2,125.35 3 1
github.com/made-purple/clog/internal/fragment/fragment.go:125.35,126.99 1 1
github.com/made-purple/clog/internal/fragment/fragment.go:126.99,127.12 1 1
github.com/made-purple/clog/internal/fragment/fragment.go:130.3,132.17 3 1
github.com/made-purple/clog/internal/fragment/fragment.go:132.17,134.12 2 0
github.com/made-purple/clog/internal/fragment/fragment.go:137.3,138.17 2 1
github.com/made-purple/clog/internal/fragment/fragment.go:138.17,140.12 2 1
github.com/made-purple/clog/internal/fragment/fragment.go:143.3,143.38 1 1
github.com/made-purple/clog/internal/fragment/fragment.go:146.2,146.24 1 1
github.com/made-purple/clog/internal/fragment/marshal.go:12.57,14.36 2 1
github.com/made-purple/clog/internal/fragment/marshal.go:14.36,17.22 3 1
github.com/made-purple/clog/internal/fragment/marshal.go:17.22,19.4 1 1
github.com/made-purple/clog/internal/fragment/marshal.go:19.9,20.31 1 1
github.com/made-purple/clog/internal/fragment/marshal.go:20.31,23.5 2 1
github.com/made-purple/clog/internal/fragment/marshal.go:26.2,26.27 1 1
github.com/made-purple/clog/internal/versionfile/versionfile.go:13.59,15.66 2 1
github.com/made-purple/clog/internal/versionfile/versionfile.go:15.66,17.3 1 1
github.com/made-purple/clog/internal/versionfile/versionfile.go:18.2,18.12 1 1
github.com/made-purple/clog/internal/versionfile/versionfile.go:23.59,27.16 3 1
github.com/made-purple/clog/internal/versionfile/versionfile.go:27.16,29.3 1 1
github.com/made-purple/clog/internal/versionfile/versionfile.go:31.2,32.16 2 1
github.com/made-purple/clog/internal/versionfile/versionfile.go:32.16,34.3 1 1
github.com/made-purple/clog/internal/versionfile/versionfile.go:36.2,44.54 7 1
github.com/made-purple/clog/internal/versionfile/versionfile.go:44.54,46.3 1 0
github.com/made-purple/clog/internal/versionfile/versionfile.go:47.2,47.12 1 1
github.com/made-purple/clog/cmd/clog/main.go:9.13,10.42 1 0
github.com/made-purple/clog/cmd/clog/main.go:10.42,12.3 1 0
github.com/made-purple/clog/internal/command/init.go:27.13,29.2 1 1
github.com/made-purple/clog/internal/command/init.go:34.54,35.58 1 1
github.com/made-purple/clog/internal/command/init.go:35.58,37.4 1 0
github.com/made-purple/clog/internal/command/init.go:38.3,41.77 3 1
github.com/made-purple/clog/internal/command/init.go:41.77,43.4 1 0
github.com/made-purple/clog/internal/command/init.go:44.3,46.60 2 1
github.com/made-purple/clog/internal/command/init.go:46.60,47.87 1 1
github.com/made-purple/clog/internal/command/init.go:47.87,49.5 1 0
github.com/made-purple/clog/internal/command/init.go:50.4,50.39 1 1
github.com/made-purple/clog/internal/command/init.go:51.9,53.4 1 1
github.com/made-purple/clog/internal/command/init.go:55.3,55.13 1 1
github.com/made-purple/clog/internal/command/migrate.go:17.13,20.2 2 1
github.com/made-purple/clog/internal/command/migrate.go:28.58,33.16 3 1
github.com/made-purple/clog/internal/command/migrate.go:33.16,34.25 1 1
github.com/made-purple/clog/internal/command/migrate.go:34.25,36.4 1 0
github.com/made-purple/clog/internal/command/migrate.go:37.3,37.13 1 1
github.com/made-purple/clog/internal/command/migrate.go:41.2,42.16 2 1
github.com/made-purple/clog/internal/command/migrate.go:42.16,44.3 1 0
github.com/made-purple/clog/internal/command/migrate.go:45.2,45.20 1 1
github.com/made-purple/clog/internal/command/migrate.go:45.20,48.3 2 1
github.com/made-purple/clog/internal/command/migrate.go:52.2,54.16 3 1
github.com/made-purple/clog/internal/command/migrate.go:54.16,56.3 1 0
github.com/made-purple/clog/internal/command/migrate.go:57.2,58.16 2 1
github.com/made-purple/clog/internal/command/migrate.go:58.16,60.3 1 0
github.com/made-purple/clog/internal/command/migrate.go:61.2,62.23 2 1
github.com/made-purple/clog/internal/command/migrate.go:62.23,65.17 3 1
github.com/made-purple/clog/internal/command/migrate.go:65.17,67.4 1 0
github.com/made-purple/clog/internal/command/migrate.go:69.2,70.23 2 1
github.com/made-purple/clog/internal/command/migrate.go:70.23,73.3 2 1
github.com/made-purple/clog/internal/command/migrate.go:76.2,77.16 2 1
github.com/made-purple/clog/internal/command/migrate.go:77.16,79.3 1 0
github.com/made-purple/clog/internal/command/migrate.go:80.2,86.45 5 1
github.com/made-purple/clog/internal/command/migrate.go:86.45,88.31 2 1
github.com/made-purple/clog/internal/command/migrate.go:88.31,89.12 1 1
github.com/made-purple/clog/internal/command/migrate.go:91.3,92.29 2 1
github.com/made-purple/clog/internal/command/migrate.go:92.29,94.4 1 1
github.com/made-purple/clog/internal/command/migrate.go:96.2,101.41 4 1
github.com/made-purple/clog/internal/command/migrate.go:101.41,106.17 4 1
github.com/made-purple/clog/internal/command/migrate.go:106.17,108.4 1 0
github.com/made-purple/clog/internal/command/migrate.go:109.3,110.17 2 1
github.com/made-purple/clog/internal/command/migrate.go:110.17,112.4 1 0
github.com/made-purple/clog/internal/command/migrate.go:113.3,113.55 1 1
github.com/made-purple/clog/internal/command/migrate.go:117.2,120.16 4 1
github.com/made-purple/clog/internal/command/migrate.go:120.16,122.3 1 0
github.com/made-purple/clog/internal/command/migrate.go:123.2,123.56 1 1
github.com/made-purple/clog/internal/command/migrate.go:123.56,126.3 2 0
github.com/made-purple/clog/internal/command/migrate.go:129.2,130.44 2 1
github.com/made-purple/clog/internal/command/migrate.go:130.44,132.3 1 1
github.com/made-purple/clog/internal/command/migrate.go:133.2,133.36 1 1
github.com/made-purple/clog/internal/command/migrate.go:133.36,135.33 2 1
github.com/made-purple/clog/internal/command/migrate.go:135.33,137.4 1 0
github.com/made-purple/clog/internal/command/migrate.go:138.3,138.29 1 1
github.com/made-purple/clog/internal/command/migrate.go:138.29,139.20 1 1
github.com/made-purple/clog/internal/command/migrate.go:139.20,141.5 1 1
github.com/made-purple/clog/internal/command/migrate.go:146.2,146.55 1 1
github.com/made-purple/clog/internal/command/migrate.go:146.55,148.3 1 0
github.com/made-purple/clog/internal/command/migrate.go:149.2,149.82 1 1
github.com/made-purple/clog/internal/command/migrate.go:149.82,151.3 1 0
github.com/made-purple/clog/internal/command/migrate.go:152.2,156.75 3 1
github.com/made-purple/clog/internal/command/migrate.go:156.75,158.3 1 0
github.com/made-purple/clog/internal/command/migrate.go:159.2,165.16 5 1
github.com/made-purple/clog/internal/command/migrate.go:165.16,167.3 1 0
github.com/made-purple/clog/internal/command/migrate.go:168.2,168.61 1 1
github.com/made-purple/clog/internal/command/migrate.go:168.61,169.68 1 1
github.com/made-purple/clog/internal/command/migrate.go:169.68,171.4 1 0
github.com/made-purple/clog/internal/command/migrate.go:172.3,172.80 1 1
github.com/made-purple/clog/internal/command/migrate.go:175.2,175.12 1 1
github.com/made-purple/clog/internal/command/migrate.go:180.73,182.36 2 1
github.com/made-purple/clog/internal/command/migrate.go:182.36,184.31 2 1
github.com/made-purple/clog/internal/command/migrate.go:184.31,186.4 1 1
github.com/made-purple/clog/internal/command/migrate.go:187.3,187.29 1 1
github.com/made-purple/clog/internal/command/migrate.go:187.29,188.16 1 1
github.com/made-purple/clog/internal/command/migrate.go:188.16,190.5 1 1
github.com/made-purple/clog/internal/command/migrate.go:193.2,193.15 1 1
github.com/made-purple/clog/internal/command/new.go:14.13,17.2 2 1
github.com/made-purple/clog/internal/command/new.go:22.54,24.17 2 1
github.com/made-purple/clog/internal/command/new.go:24.17,26.4 1 0
github.com/made-purple/clog/internal/command/new.go:28.3,33.42 4 1
github.com/made-purple/clog/internal/command/new.go:33.42,35.12 2 1
github.com/made-purple/clog/internal/command/new.go:35.12,37.5 1 1
github.com/made-purple/clog/internal/command/new.go:38.4,38.14 1 1
github.com/made-purple/clog/internal/command/new.go:41.3,41.58 1 1
github.com/made-purple/clog/internal/command/new.go:41.58,43.4 1 0
github.com/made-purple/clog/internal/command/new.go:45.3,45.71 1 1
github.com/made-purple/clog/internal/command/new.go:45.71,47.4 1 0
github.com/made-purple/clog/internal/command/new.go:49.3,51.11 2 1
github.com/made-purple/clog/internal/command/new.go:51.11,53.4 1 1
github.com/made-purple/clog/internal/command/new.go:55.3,55.13 1 1
github.com/made-purple/clog/internal/command/new.go:59.36,61.18 2 1
github.com/made-purple/clog/internal/command/new.go:61.18,63.3 1 0
github.com/made-purple/clog/internal/command/new.go:64.2,64.18 1 1
github.com/made-purple/clog/internal/command/new.go:64.18,65.55 1 0
github.com/made-purple/clog/internal/command/new.go:65.55,67.4 1 0
github.com/made-purple/clog/internal/command/new.go:69.2,69.18 1 1
github.com/made-purple/clog/internal/command/new.go:69.18,71.3 1 0
github.com/made-purple/clog/internal/command/new.go:73.2,77.18 5 1
github.com/made-purple/clog/internal/command/preview.go:13.13,15.2 1 1
github.com/made-purple/clog/internal/command/preview.go:20.54,21.59 1 1
github.com/made-purple/clog/internal/command/preview.go:21.59,24.4 2 1
github.com/made-purple/clog/internal/command/preview.go:26.3,27.32 2 1
github.com/made-purple/clog/internal/command/preview.go:27.32,29.4 1 0
github.com/made-purple/clog/internal/command/preview.go:31.3,31.26 1 1
github.com/made-purple/clog/internal/command/preview.go:31.26,34.4 2 1
github.com/made-purple/clog/internal/command/preview.go:36.3,37.23 2 1
github.com/made-purple/clog/internal/command/preview.go:37.23,40.4 2 1
github.com/made-purple/clog/internal/command/preview.go:42.3,46.13 4 1
github.com/made-purple/clog/internal/command/release.go:23.13,25.2 1 1
github.com/made-purple/clog/internal/command/release.go:33.58,38.71 3 1
github.com/made-purple/clog/internal/command/release.go:38.71,40.19 2 1
github.com/made-purple/clog/internal/command/release.go:40.19,42.4 1 0
github.com/made-purple/clog/internal/command/release.go:43.3,43.21 1 1
github.com/made-purple/clog/internal/command/release.go:43.21,45.4 1 0
github.com/made-purple/clog/internal/command/release.go:46.3,46.22 1 1
github.com/made-purple/clog/internal/command/release.go:46.22,48.4 1 1
github.com/made-purple/clog/internal/command/release.go:49.3,50.17 2 1
github.com/made-purple/clog/internal/command/release.go:50.17,52.4 1 0
github.com/made-purple/clog/internal/command/release.go:53.3,53.15 1 1
github.com/made-purple/clog/internal/command/release.go:53.15,56.4 2 1
github.com/made-purple/clog/internal/command/release.go:60.2,61.16 2 1
github.com/made-purple/clog/internal/command/release.go:61.16,62.25 1 1
github.com/made-purple/clog/internal/command/release.go:62.25,64.4 1 0
github.com/made-purple/clog/internal/command/release.go:65.3,65.13 1 1
github.com/made-purple/clog/internal/command/release.go:68.2,71.56 2 1
github.com/made-purple/clog/internal/command/release.go:71.56,73.3 1 1
github.com/made-purple/clog/internal/command/release.go:75.2,76.31 2 1
github.com/made-purple/clog/internal/command/release.go:76.31,78.3 1 0
github.com/made-purple/clog/internal/command/release.go:79.2,79.23 1 1
github.com/made-purple/clog/internal/command/release.go:79.23,81.3 1 0
github.com/made-purple/clog/internal/command/release.go:83.2,83.25 1 1
github.com/made-purple/clog/internal/command/release.go:83.25,86.3 2 1
github.com/made-purple/clog/internal/command/release.go:89.2,90.30 2 1
github.com/made-purple/clog/internal/command/release.go:90.30,92.28 2 1
github.com/made-purple/clog/internal/command/release.go:92.28,95.4 2 1
github.com/made-purple/clog/internal/command/release.go:97.2,97.25 1 1
github.com/made-purple/clog/internal/command/release.go:97.25,99.3 1 1
github.com/made-purple/clog/internal/command/release.go:102.2,103.22 2 1
github.com/made-purple/clog/internal/command/release.go:103.22,106.3 2 1
github.com/made-purple/clog/internal/command/release.go:109.2,109.23 1 1
github.com/made-purple/clog/internal/command/release.go:109.23,111.3 1 0
github.com/made-purple/clog/internal/command/release.go:111.8,113.3 1 1
github.com/made-purple/clog/internal/command/release.go:114.2,116.16 3 1
github.com/made-purple/clog/internal/command/release.go:116.16,118.3 1 0
github.com/made-purple/clog/internal/command/release.go:119.2,120.19 2 1
github.com/made-purple/clog/internal/command/release.go:120.19,122.3 1 1
github.com/made-purple/clog/internal/command/release.go:125.2,127.16 3 1
github.com/made-purple/clog/internal/command/release.go:127.16,129.3 1 0
github.com/made-purple/clog/internal/command/release.go:130.2,142.16 9 1
github.com/made-purple/clog/internal/command/release.go:142.16,144.3 1 0
github.com/made-purple/clog/internal/command/release.go:145.2,145.14 1 1
github.com/made-purple/clog/internal/command/release.go:145.14,148.3 2 1
github.com/made-purple/clog/internal/command/release.go:151.2,152.74 2 1
github.com/made-purple/clog/internal/command/release.go:152.74,154.3 1 0
github.com/made-purple/clog/internal/command/release.go:155.2,160.46 3 1
github.com/made-purple/clog/internal/command/release.go:160.46,162.17 2 1
github.com/made-purple/clog/internal/command/release.go:162.17,164.4 1 0
github.com/made-purple/clog/internal/command/release.go:165.3,165.13 1 1
github.com/made-purple/clog/internal/command/release.go:165.13,166.76 1 1
github.com/made-purple/clog/internal/command/release.go:166.76,168.5 1 0
github.com/made-purple/clog/internal/command/release.go:169.4,170.50 2 1
github.com/made-purple/clog/internal/command/release.go:174.2,174.51 1 1
github.com/made-purple/clog/internal/command/release.go:174.51,176.17 2 1
github.com/made-purple/clog/internal/command/release.go:176.17,178.4 1 0
github.com/made-purple/clog/internal/command/release.go:179.3,179.13 1 1
github.com/made-purple/clog/internal/command/release.go:179.13,180.81 1 1
github.com/made-purple/clog/internal/command/release.go:180.81,182.5 1 0
github.com/made-purple/clog/internal/command/release.go:183.4,184.55 2 1
github.com/made-purple/clog/internal/command/release.go:189.2,190.16 2 1
github.com/made-purple/clog/internal/command/release.go:190.16,192.3 1 0
github.com/made-purple/clog/internal/command/release.go:193.2,193.12 1 1
github.com/made-purple/clog/internal/command/release.go:193.12,194.101 1 1
github.com/made-purple/clog/internal/command/release.go:194.101,196.4 1 0
github.com/made-purple/clog/internal/command/release.go:197.3,202.17 4 1
github.com/made-purple/clog/internal/command/release.go:202.17,204.4 1 0
github.com/made-purple/clog/internal/command/release.go:205.3,205.10 1 1
github.com/made-purple/clog/internal/command/release.go:205.10,206.54 1 1
github.com/made-purple/clog/internal/command/release.go:206.54,208.5 1 0
github.com/made-purple/clog/internal/command/release.go:209.4,209.41 1 1
github.com/made-purple/clog/internal/command/release.go:211.8,214.17 2 1
github.com/made-purple/clog/internal/command/release.go:214.17,216.4 1 0
github.com/made-purple/clog/internal/command/release.go:217.3,217.32 1 1
github.com/made-purple/clog/internal/command/release.go:217.32,218.97 1 1
github.com/made-purple/clog/internal/command/release.go:218.97,220.43 2 1
github.com/made-purple/clog/internal/command/release.go:220.43,222.6 1 0
github.com/made-purple/clog/internal/command/release.go:225.3,225.47 1 1
github.com/made-purple/clog/internal/command/release.go:228.2,230.12 3 1
github.com/made-purple/clog/internal/command/release.go:236.71,239.16 3 1
github.com/made-purple/clog/internal/command/release.go:239.16,241.3 1 1
github.com/made-purple/clog/internal/command/release.go:242.2,242.52 1 1
github.com/made-purple/clog/internal/command/release.go:243.22,244.19 1 1
github.com/made-purple/clog/internal/command/release.go:245.10,246.20 1 1
github.com/made-purple/clog/internal/command/root.go:17.22,19.2 1 1
github.com/made-purple/clog/internal/command/skill.go:16.13,31.2 12 1
github.com/made-purple/clog/internal/command/skill.go:55.63,65.29 7 1
github.com/made-purple/clog/internal/command/skill.go:65.29,66.17 1 1
github.com/made-purple/clog/internal/command/skill.go:66.17,68.4 1 1
github.com/made-purple/clog/internal/command/skill.go:69.3,69.16 1 1
github.com/made-purple/clog/internal/command/skill.go:69.16,71.4 1 1
github.com/made-purple/clog/internal/command/skill.go:72.8,75.17 2 0
github.com/made-purple/clog/internal/command/skill.go:75.17,77.4 1 0
github.com/made-purple/clog/internal/command/skill.go:78.3,78.20 1 0
github.com/made-purple/clog/internal/command/skill.go:80.2,80.22 1 1
github.com/made-purple/clog/internal/command/skill.go:80.22,83.3 2 0
github.com/made-purple/clog/internal/command/skill.go:86.2,87.31 2 1
github.com/made-purple/clog/internal/command/skill.go:87.31,88.17 1 1
github.com/made-purple/clog/internal/command/skill.go:88.17,90.4 1 1
github.com/made-purple/clog/internal/command/skill.go:91.3,91.18 1 1
github.com/made-purple/clog/internal/command/skill.go:91.18,93.4 1 1
github.com/made-purple/clog/internal/command/skill.go:94.8,96.17 2 0
github.com/made-purple/clog/internal/command/skill.go:96.17,98.4 1 0
github.com/made-purple/clog/internal/command/skill.go:99.3,99.32 1 0
github.com/made-purple/clog/internal/command/skill.go:103.2,103.27 1 1
github.com/made-purple/clog/internal/command/skill.go:103.27,104.28 1 1
github.com/made-purple/clog/internal/command/skill.go:104.28,106.18 2 1
github.com/made-purple/clog/internal/command/skill.go:106.18,108.5 1 0
github.com/made-purple/clog/internal/command/skill.go:109.4,109.19 1 1
github.com/made-purple/clog/internal/command/skill.go:109.19,111.5 1 1
github.com/made-purple/clog/internal/command/skill.go:111.10,114.5 1 1
github.com/made-purple/clog/internal/command/skill.go:117.2,117.12 1 1
github.com/made-purple/clog/internal/command/skill.go:139.65,150.29 8 1
github.com/made-purple/clog/internal/command/skill.go:150.29,151.17 1 1
github.com/made-purple/clog/internal/command/skill.go:151.17,153.4 1 1
github.com/made-purple/clog/internal/command/skill.go:154.3,154.16 1 1
github.com/made-purple/clog/internal/command/skill.go:154.16,156.4 1 1
github.com/made-purple/clog/internal/command/skill.go:157.8,160.17 2 0
github.com/made-purple/clog/internal/command/skill.go:160.17,162.4 1 0
github.com/made-purple/clog/internal/command/skill.go:163.3,163.20 1 0
github.com/made-purple/clog/internal/command/skill.go:165.2,165.22 1 1
github.com/made-purple/clog/internal/command/skill.go:165.22,168.3 2 0
github.com/made-purple/clog/internal/command/skill.go:171.2,172.31 2 1
github.com/made-purple/clog/internal/command/skill.go:172.31,173.17 1 1
github.com/made-purple/clog/internal/command/skill.go:173.17,175.4 1 1
github.com/made-purple/clog/internal/command/skill.go:176.3,176.18 1 1
github.com/made-purple/clog/internal/command/skill.go:176.18,178.4 1 0
github.com/made-purple/clog/internal/command/skill.go:179.8,181.17 2 0
github.com/made-purple/clog/internal/command/skill.go:181.17,183.4 1 0
github.com/made-purple/clog/internal/command/skill.go:184.3,184.32 1 0
github.com/made-purple/clog/internal/command/skill.go:188.2,189.27 2 1
github.com/made-purple/clog/internal/command/skill.go:189.27,190.28 1 1
github.com/made-purple/clog/internal/command/skill.go:190.28,192.18 2 1
github.com/made-purple/clog/internal/command/skill.go:192.18,194.5 1 0
github.com/made-purple/clog/internal/command/skill.go:195.4,195.11 1 1
github.com/made-purple/clog/internal/command/skill.go:196.21,197.77 1 1
github.com/made-purple/clog/internal/command/skill.go:198.39,201.15 2 1
github.com/made-purple/clog/internal/command/skill.go:202.12,203.90 1 1
github.com/made-purple/clog/internal/command/skill.go:207.2,207.18 1 1
github.com/made-purple/clog/internal/command/skill.go:207.18,209.3 1 1
github.com/made-purple/clog/internal/command/skill.go:210.2,210.12 1 1
github.com/made-purple/clog/internal/command/skill.go:214.44,216.2 1 1
github.com/made-purple/clog/internal/command/skill.go:221.124,222.22 1 1
github.com/made-purple/clog/internal/command/skill.go:222.22,224.3 1 1
github.com/made-purple/clog/internal/command/skill.go:226.2,227.33 2 1
github.com/made-purple/clog/internal/command/skill.go:227.33,230.19 3 1
github.com/made-purple/clog/internal/command/skill.go:230.19,233.4 2 1
github.com/made-purple/clog/internal/command/skill.go:234.3,234.62 1 1
github.com/made-purple/clog/internal/command/skill.go:236.2,239.59 3 1
github.com/made-purple/clog/internal/command/skill.go:239.59,240.29 1 0
github.com/made-purple/clog/internal/command/skill.go:240.29,242.4 1 0
github.com/made-purple/clog/internal/command/skill.go:243.3,243.18 1 0
github.com/made-purple/clog/internal/command/skill.go:245.2,247.16 2 1
github.com/made-purple/clog/internal/command/skill.go:247.16,249.34 2 1
github.com/made-purple/clog/internal/command/skill.go:249.34,250.20 1 1
github.com/made-purple/clog/internal/command/skill.go:250.20,252.5 1 1
github.com/made-purple/clog/internal/command/skill.go:254.3,254.23 1 1
github.com/made-purple/clog/internal/command/skill.go:257.2,258.47 2 1
github.com/made-purple/clog/internal/command/skill.go:258.47,260.16 2 1
github.com/made-purple/clog/internal/command/skill.go:260.16,261.12 1 1
github.com/made-purple/clog/internal/command/skill.go:263.3,264.34 2 1
github.com/made-purple/clog/internal/command/skill.go:264.34,265.83 1 1
github.com/made-purple/clog/internal/command/skill.go:265.83,268.10 3 1
github.com/made-purple/clog/internal/command/skill.go:271.3,271.15 1 1
github.com/made-purple/clog/internal/command/skill.go:271.15,273.4 1 1
github.com/made-purple/clog/internal/command/skill.go:275.2,275.34 1 1
github.com/made-purple/clog/internal/command/skill.go:279.76,280.22 1 1
github.com/made-purple/clog/internal/command/skill.go:280.22,282.3 1 1
github.com/made-purple/clog/internal/command/skill.go:284.2,290.59 6 1
github.com/made-purple/clog/internal/command/skill.go:290.59,291.29 1 0
github.com/made-purple/clog/internal/command/skill.go:291.29,293.4 1 0
github.com/made-purple/clog/internal/command/skill.go:294.3,294.16 1 0
github.com/made-purple/clog/internal/command/skill.go:296.2,296.50 1 1
github.com/made-purple/clog/internal/command/skill.go:297.30,298.27 1 1
github.com/made-purple/clog/internal/command/skill.go:299.27,300.28 1 1
github.com/made-purple/clog/internal/command/skill.go:301.10,302.70 1 1
github.com/made-purple/clog/internal/command/skill.go:306.39,307.24 1 1
github.com/made-purple/clog/internal/command/skill.go:307.24,309.3 1 1
github.com/made-purple/clog/internal/command/skill.go:310.2,310.17 1 1
github.com/made-purple/clog/internal/command/skill.go:313.51,316.23 3 1
github.com/made-purple/clog/internal/command/skill.go:316.23,317.19 1 1
github.com/made-purple/clog/internal/command/skill.go:317.19,320.4 2 1
github.com/made-purple/clog/internal/command/skill.go:322.2,322.12 1 1
github.com/made-purple/clog/internal/command/skill.go:328.33,330.16 2 1
github.com/made-purple/clog/internal/command/skill.go:330.16,332.3 1 0
github.com/made-purple/clog/internal/command/skill.go:333.2,333.43 1 1
github.com/made-purple/clog/internal/command/validate.go:11.13,13.2 1 1
github.com/made-purple/clog/internal/command/validate.go:18.54,19.59 1 1
github.com/made-purple/clog/internal/command/validate.go:19.59,22.4 2 1
github.com/made-purple/clog/internal/command/validate.go:24.3,27.32 3 1
github.com/made-purple/clog/internal/command/validate.go:27.32,29.4 1 0
github.com/made-purple/clog/internal/command/validate.go:31.3,31.40 1 1
github.com/made-purple/clog/internal/command/validate.go:31.40,34.4 2 0
github.com/made-purple/clog/internal/command/validate.go:36.3,36.31 1 1
github.com/made-purple/clog/internal/command/validate.go:36.31,38.29 2 1
github.com/made-purple/clog/internal/command/validate.go:38.29,41.5 2 1
github.com/made-purple/clog/internal/command/validate.go:44.3,44.16 1 1
github.com/made-purple/clog/internal/command/validate.go:44.16,46.4 1 1
github.com/made-purple/clog/internal/command/validate.go:48.3,49.13 2 1
github.com/made-purple/clog/internal/gitutil/gitutil.go:14.35,16.16 2 1
github.com/made-purple/clog/internal/gitutil/gitutil.go:16.16,18.3 1 1
github.com/made-purple/clog/internal/gitutil/gitutil.go:19.2,19.44 1 1
github.com/made-purple/clog/internal/gitutil/gitutil.go:24.47,28.2 3 1
github.com/made-purple/clog/internal/gitutil/gitutil.go:31.45,33.16 2 1
github.com/made-purple/clog/internal/gitutil/gitutil.go:33.16,35.3 1 1
github.com/made-purple/clog/internal/gitutil/gitutil.go:36.2,36.44 1 1
github.com/made-purple/clog/internal/gitutil/gitutil.go:41.50,46.34 5 1
github.com/made-purple/clog/internal/gitutil/gitutil.go:46.34,48.101 2 1
github.com/made-purple/clog/internal/gitutil/gitutil.go:48.101,50.4 1 1
github.com/made-purple/clog/internal/gitutil/gitutil.go:51.3,51.92 1 1
github.com/made-purple/clog/internal/gitutil/gitutil.go:53.2,53.29 1 1
github.com/made-purple/clog/internal/gitutil/gitutil.go:58.74,60.16 2 1
github.com/made-purple/clog/internal/gitutil/gitutil.go:60.16,62.3 1 0
github.com/made-purple/clog/internal/gitutil/gitutil.go:64.2,65.75 2 1
github.com/made-purple/clog/internal/gitutil/gitutil.go:65.75,66.17 1 1
github.com/made-purple/clog/internal/gitutil/gitutil.go:66.17,67.12 1 1
github.com/made-purple/clog/internal/gitutil/gitutil.go:71.3,75.15 4 1
github.com/made-purple/clog/internal/gitutil/gitutil.go:75.15,77.4 1 1
github.com/made-purple/clog/internal/gitutil/gitutil.go:77.9,78.16 1 1
github.com/made-purple/clog/internal/gitutil/gitutil.go:78.16,80.5 1 1
github.com/made-purple/clog/internal/gitutil/gitutil.go:81.4,81.16 1 1
github.com/made-purple/clog/internal/gitutil/gitutil.go:81.16,83.5 1 1
github.com/made-purple/clog/internal/gitutil/gitutil.go:87.2,87.40 1 1
github.com/made-purple/clog/internal/gitutil/gitutil.go:87.40,88.22 1 1
github.com/made-purple/clog/internal/gitutil/gitutil.go:88.22,90.4 1 1
github.com/made-purple/clog/internal/gitutil/gitutil.go:91.3,92.27 2 1
github.com/made-purple/clog/internal/gitutil/gitutil.go:92.27,94.4 1 1
github.com/made-purple/clog/internal/gitutil/gitutil.go:95.3,95.20 1 1
github.com/made-purple/clog/internal/gitutil/gitutil.go:98.2,98.80 1 1
github.com/made-purple/clog/internal/gitutil/gitutil.go:102.106,104.57 1 1
github.com/made-purple/clog/internal/gitutil/gitutil.go:104.57,106.3 1 0
github.com/made-purple/clog/internal/gitutil/gitutil.go:109.2,110.16 2 1
github.com/made-purple/clog/internal/gitutil/gitutil.go:110.16,112.3 1 0
github.com/made-purple/clog/internal/gitutil/gitutil.go:113.2,113.26 1 1
github.com/made-purple/clog/internal/gitutil/gitutil.go:113.26,114.50 1 1
github.com/made-purple/clog/internal/gitutil/gitutil.go:114.50,115.12 1 1
github.com/made-purple/clog/internal/gitutil/gitutil.go:117.3,117.51 1 1
github.com/made-purple/clog/internal/gitutil/gitutil.go:117.51,119.49 1 1
github.com/made-purple/clog/internal/gitutil/gitutil.go:119.49,121.5 1 0
github.com/made-purple/clog/internal/gitutil/gitutil.go:126.2,126.31 1 1
github.com/made-purple/clog/internal/gitutil/gitutil.go:126.31,127.46 1 1
github.com/made-purple/clog/internal/gitutil/gitutil.go:127.46,129.4 1 0
github.com/made-purple/clog/internal/gitutil/gitutil.go:132.2,133.56 2 1
github.com/made-purple/clog/internal/gitutil/gitutil.go:133.56,135.3 1 0
github.com/made-purple/clog/internal/gitutil/gitutil.go:137.2,137.12 1 1
github.com/made-purple/clog/internal/gitutil/gitutil.go:141.69,142.57 1 1
github.com/made-purple/clog/internal/gitutil/gitutil.go:142.57,144.3 1 0
github.com/made-purple/clog/internal/gitutil/gitutil.go:145.2,145.56 1 1
github.com/made-purple/clog/internal/gitutil/gitutil.go:145.56,147.3 1 0
github.com/made-purple/clog/internal/gitutil/gitutil.go:148.2,148.104 1 1
github.com/made-purple/clog/internal/gitutil/gitutil.go:148.104,150.3 1 0
github.com/made-purple/clog/internal/gitutil/gitutil.go:151.2,151.12 1 1
github.com/made-purple/clog/internal/gitutil/gitutil.go:155.39,157.91 2 1
github.com/made-purple/clog/internal/gitutil/gitutil.go:157.91,159.3 1 1
github.com/made-purple/clog/internal/gitutil/gitutil.go:160.2,160.12 1 1
github.com/made-purple/clog/internal/gitutil/gitutil.go:163.45,167.34 4 1
github.com/made-purple/clog/internal/gitutil/gitutil.go:167.34,168.23 1 1
github.com/made-purple/clog/internal/gitutil/gitutil.go:168.23,170.4 1 1
github.com/made-purple/clog/internal/gitutil/gitutil.go:171.3,171.13 1 0
github.com/made-purple/clog/internal/gitutil/gitutil.go:173.2,173.12 1 1
